<?xml version="1.0" encoding="UTF-8"?>
<!-- Generated by org.testng.reporters.JUnitReportReporter -->
<testsuite hostname="NagArjun" failures="0" tests="1" name="flipkart.FlipcartRedMiTest" time="13.376" errors="0" timestamp="2022-09-20T12:26:10 IST" skipped="0">
  <testcase classname="flipkart.FlipcartRedMiTest" name="flipcartReadMiTest" time="13.376"/>
  <system-out/>
</testsuite> <!-- flipkart.FlipcartRedMiTest -->
