<?xml version="1.0" encoding="UTF-8"?>
<!-- Generated by org.testng.reporters.JUnitReportReporter -->
<testsuite hostname="NagArjun" failures="0" tests="1" name="flipkart.FlipkartTest" time="36.845" errors="0" timestamp="2022-09-20T11:53:52 IST" skipped="0">
  <testcase classname="flipkart.FlipkartTest" name="flipkartTest" time="36.845"/>
  <system-out/>
</testsuite> <!-- flipkart.FlipkartTest -->
